<?xml version="1.0" encoding="utf-8"?>
<TestRun id="588359f6-4494-4baf-98e6-72f9552c2ae9" name="@Air-Kamil 2026-04-09 17:31:41" xmlns="http://microsoft.com/schemas/VisualStudio/TeamTest/2010">
  <Times creation="2026-04-09T17:31:41.7264390+02:00" queuing="2026-04-09T17:31:41.7264390+02:00" start="2026-04-09T17:29:34.6974410+02:00" finish="2026-04-09T17:31:41.7365460+02:00" />
  <TestSettings name="default" id="f2113359-500a-4c82-b8d4-83fe2f4824ed">
    <Deployment runDeploymentRoot="_Air-Kamil_2026-04-09_17_31_41" />
  </TestSettings>
  <Results>
    <UnitTestResult executionId="f5dd69fb-b570-4438-b918-26555fec4402" testId="21c2025d-ecbb-98ba-087b-75b994dade2a" testName="EventHub_CreateAndDestroy_Succeeds" computerName="Air-Kamil" duration="00:01:49.2827290" startTime="2026-04-09T17:29:52.2357370+02:00" endTime="2026-04-09T17:31:41.5633320+02:00" testType="13cdc9d9-ddb5-4fa4-a97d-d965ccfc6d4b" outcome="Failed" testListId="8c84fa94-04c1-424b-9868-57a2d4851a1d" relativeResultsDirectory="f5dd69fb-b570-4438-b918-26555fec4402">
      <Output>
        <StdOut>[testcontainers.org 00:00:16.48] Execute "/bin/sh -c SSL_CERT_FILE=/tmp/combined.pem mkdir -p /workspace/53817decc9454c339b822b74f79de49b" at Docker container aee3400cacb7
[terraform] mkdir -p /workspace/53817decc9454c339b822b74f79de49b
[testcontainers.org 00:00:16.59] Execute "/bin/sh -c SSL_CERT_FILE=/tmp/combined.pem echo 'dGVycmFmb3JtIHsKICByZXF1aXJlZF9wcm92aWRlcnMgewogICAgYXp1cmVybSA9IHsKICAgICAgc291cmNlICA9ICJoYXNoaWNvcnAvYXp1cmVybSIKICAgICAgdmVyc2lvbiA9ICI9IDQuNjcuMCIKICAgIH0KICB9Cn0KCnByb3ZpZGVyICJhenVyZXJtIiB7CiAgZmVhdHVyZXMge30KICBlbnZpcm9ubWVudCA9ICJwdWJsaWMiCiAgbWV0YWRhdGFfaG9zdCA9ICJ0b3Bhei5sb2NhbC5kZXY6ODg5OSIKICByZXNvdXJjZV9wcm92aWRlcl9yZWdpc3RyYXRpb25zID0gIm5vbmUiCiAgdXNlX21zaSAgPSBmYWxzZQogIHVzZV9vaWRjID0gZmFsc2UKICB1c2VfY2xpICA9IGZhbHNlCn0K' | base64 -d &gt; /workspace/53817decc9454c339b822b74f79de49b/provider.tf" at Docker container aee3400cacb7
[terraform] echo 'dGVycmFmb3JtIHsKICByZXF1aXJlZF9wcm92aWRlcnMgewogICAgYXp1cmVybSA9IHsKICAgICAgc291cmNlICA9ICJoYXNoaWNvcnAvYXp1cmVybSIKICAgICAgdmVyc2lvbiA9ICI9IDQuNjcuMCIKICAgIH0KICB9Cn0KCnByb3ZpZGVyICJhenVyZXJtIiB7CiAgZmVhdHVyZXMge30KICBlbnZpcm9ubWVudCA9ICJwdWJsaWMiCiAgbWV0YWRhdGFfaG9zdCA9ICJ0b3Bhei5sb2NhbC5kZXY6ODg5OSIKICByZXNvdXJjZV9wcm92aWRlcl9yZWdpc3RyYXRpb25zID0gIm5vbmUiCiAgdXNlX21zaSAgPSBmYWxzZQogIHVzZV9vaWRjID0gZmFsc2UKICB1c2VfY2xpICA9IGZhbHNlCn0K' | base64 -d &gt; /workspace/53817decc9454c339b822b74f79de49b/provider.tf
[testcontainers.org 00:00:16.72] Execute "/bin/sh -c SSL_CERT_FILE=/tmp/combined.pem echo 'cmVzb3VyY2UgImF6dXJlcm1fcmVzb3VyY2VfZ3JvdXAiICJ0ZXN0IiB7CiAgbmFtZSAgICAgPSAidGYtcm0tZWh1Yi1yZyIKICBsb2NhdGlvbiA9ICJ3ZXN0ZXVyb3BlIgp9CgpyZXNvdXJjZSAiYXp1cmVybV9ldmVudGh1Yl9uYW1lc3BhY2UiICJ0ZXN0IiB7CiAgbmFtZSAgICAgICAgICAgICAgICA9ICJ0Zi1ybS1laHViLW5zIgogIGxvY2F0aW9uICAgICAgICAgICAgPSBhenVyZXJtX3Jlc291cmNlX2dyb3VwLnRlc3QubG9jYXRpb24KICByZXNvdXJjZV9ncm91cF9uYW1lID0gYXp1cmVybV9yZXNvdXJjZV9ncm91cC50ZXN0Lm5hbWUKICBza3UgICAgICAgICAgICAgICAgID0gIlN0YW5kYXJkIgp9CgpyZXNvdXJjZSAiYXp1cmVybV9ldmVudGh1YiIgInRlc3QiIHsKICBuYW1lICAgICAgICAgICAgICAgID0gInRmLXJtLWV2ZW50aHViIgogIG5hbWVzcGFjZV9uYW1lICAgICAgPSBhenVyZXJtX2V2ZW50aHViX25hbWVzcGFjZS50ZXN0Lm5hbWUKICByZXNvdXJjZV9ncm91cF9uYW1lID0gYXp1cmVybV9yZXNvdXJjZV9ncm91cC50ZXN0Lm5hbWUKICBwYXJ0aXRpb25fY291bnQgICAgID0gMgogIG1lc3NhZ2VfcmV0ZW50aW9uICAgPSAxCn0KCm91dHB1dCAiZXZlbnRodWJfbmFtZSIgewogIHZhbHVlID0gYXp1cmVybV9ldmVudGh1Yi50ZXN0Lm5hbWUKfQoKb3V0cHV0ICJwYXJ0aXRpb25fY291bnQiIHsKICB2YWx1ZSA9IGF6dXJlcm1fZXZlbnRodWIudGVzdC5wYXJ0aXRpb25fY291bnQKfQo=' | base64 -d &gt; /workspace/53817decc9454c339b822b74f79de49b/main.tf" at Docker container aee3400cacb7
[terraform] echo 'cmVzb3VyY2UgImF6dXJlcm1fcmVzb3VyY2VfZ3JvdXAiICJ0ZXN0IiB7CiAgbmFtZSAgICAgPSAidGYtcm0tZWh1Yi1yZyIKICBsb2NhdGlvbiA9ICJ3ZXN0ZXVyb3BlIgp9CgpyZXNvdXJjZSAiYXp1cmVybV9ldmVudGh1Yl9uYW1lc3BhY2UiICJ0ZXN0IiB7CiAgbmFtZSAgICAgICAgICAgICAgICA9ICJ0Zi1ybS1laHViLW5zIgogIGxvY2F0aW9uICAgICAgICAgICAgPSBhenVyZXJtX3Jlc291cmNlX2dyb3VwLnRlc3QubG9jYXRpb24KICByZXNvdXJjZV9ncm91cF9uYW1lID0gYXp1cmVybV9yZXNvdXJjZV9ncm91cC50ZXN0Lm5hbWUKICBza3UgICAgICAgICAgICAgICAgID0gIlN0YW5kYXJkIgp9CgpyZXNvdXJjZSAiYXp1cmVybV9ldmVudGh1YiIgInRlc3QiIHsKICBuYW1lICAgICAgICAgICAgICAgID0gInRmLXJtLWV2ZW50aHViIgogIG5hbWVzcGFjZV9uYW1lICAgICAgPSBhenVyZXJtX2V2ZW50aHViX25hbWVzcGFjZS50ZXN0Lm5hbWUKICByZXNvdXJjZV9ncm91cF9uYW1lID0gYXp1cmVybV9yZXNvdXJjZV9ncm91cC50ZXN0Lm5hbWUKICBwYXJ0aXRpb25fY291bnQgICAgID0gMgogIG1lc3NhZ2VfcmV0ZW50aW9uICAgPSAxCn0KCm91dHB1dCAiZXZlbnRodWJfbmFtZSIgewogIHZhbHVlID0gYXp1cmVybV9ldmVudGh1Yi50ZXN0Lm5hbWUKfQoKb3V0cHV0ICJwYXJ0aXRpb25fY291bnQiIHsKICB2YWx1ZSA9IGF6dXJlcm1fZXZlbnRodWIudGVzdC5wYXJ0aXRpb25fY291bnQKfQo=' | base64 -d &gt; /workspace/53817decc9454c339b822b74f79de49b/main.tf
[testcontainers.org 00:00:16.88] Execute "/bin/sh -c SSL_CERT_FILE=/tmp/combined.pem terraform -chdir=/workspace/53817decc9454c339b822b74f79de49b init" at Docker container aee3400cacb7
[terraform] terraform -chdir=/workspace/53817decc9454c339b822b74f79de49b init
Initializing the backend...
Initializing provider plugins...
- Finding hashicorp/azurerm versions matching "4.67.0"...
- Installing hashicorp/azurerm v4.67.0...
- Installed hashicorp/azurerm v4.67.0 (signed by HashiCorp)
Terraform has created a lock file .terraform.lock.hcl to record the provider
selections it made above. Include this file in your version control repository
so that Terraform can guarantee to make the same selections by default when
you run "terraform init" in the future.

Terraform has been successfully initialized!

You may now begin working with Terraform. Try running "terraform plan" to see
any changes that are required for your infrastructure. All Terraform commands
should now work.

If you ever set or change modules or backend configuration for Terraform,
rerun this command to reinitialize your working directory. If you forget, other
commands will detect it and remind you to do so if necessary.

[testcontainers.org 00:00:32.08] Execute "/bin/sh -c SSL_CERT_FILE=/tmp/combined.pem terraform -chdir=/workspace/53817decc9454c339b822b74f79de49b apply -auto-approve" at Docker container aee3400cacb7
[terraform] terraform -chdir=/workspace/53817decc9454c339b822b74f79de49b apply -auto-approve</StdOut>
        <StdErr>Error: 
The AzureRM Provider supports the different Azure Public Clouds - including China, Public,
and US Government - however it does not support Azure Stack due to differences in API and
feature availability

  with provider["registry.terraform.io/hashicorp/azurerm"],
  on provider.tf line 10, in provider "azurerm":
  10: provider "azurerm" {



[docker logs topaz.local.dev]
[Information][089eea43-672b-4ed1-a319-156d8c85316c][2026-04-09 15:29:40]Starting HTTPS endpoint: 0.0.0.0:8892
[Debug][089eea43-672b-4ed1-a319-156d8c85316c][2026-04-09 15:29:40][Host.CreateWebserverForHttpEndpointsAsync]: Using port 8892 will be skipped as it's already registered.
[Information][089eea43-672b-4ed1-a319-156d8c85316c][2026-04-09 15:29:40]Starting HTTPS endpoint: 0.0.0.0:8892
[Debug][089eea43-672b-4ed1-a319-156d8c85316c][2026-04-09 15:29:40][Host.CreateWebserverForHttpEndpointsAsync]: Using port 8892 will be skipped as it's already registered.
[Information][089eea43-672b-4ed1-a319-156d8c85316c][2026-04-09 15:29:40]Starting HTTPS endpoint: 0.0.0.0:8892
[Debug][089eea43-672b-4ed1-a319-156d8c85316c][2026-04-09 15:29:40][Host.CreateWebserverForHttpEndpointsAsync]: Using port 8892 will be skipped as it's already registered.
[Information][089eea43-672b-4ed1-a319-156d8c85316c][2026-04-09 15:29:40]Starting HTTPS endpoint: 0.0.0.0:8892
[Debug][089eea43-672b-4ed1-a319-156d8c85316c][2026-04-09 15:29:40][Host.CreateWebserverForHttpEndpointsAsync]: Using port 8892 will be skipped as it's already registered.
Topaz.Host listening to incoming requests...
[Error][089eea43-672b-4ed1-a319-156d8c85316c][2026-04-09 15:29:40]Failed to open Topaz host listener for AMQP (amqps://0.0.0.0:5671). Error: Address already in use.
[Error][089eea43-672b-4ed1-a319-156d8c85316c][2026-04-09 15:29:40]Failed to open Topaz host listener for AMQP (amqps://0.0.0.0:5671). Error: Address already in use.
[Information][1fa2df4f-c0a2-49f2-9280-b96da16825fa][2026-04-09 15:29:44][GET][topaz.local.dev:8899/metadata/endpoints?api-version=2022-09-01][port:8899]
[Debug][1fa2df4f-c0a2-49f2-9280-b96da16825fa][2026-04-09 15:29:44][Router.MatchAndExecuteEndpoint]: The selected handler for an endpoint will be MetadataEndpoint
[Debug][1fa2df4f-c0a2-49f2-9280-b96da16825fa][2026-04-09 15:29:44][Router.MatchAndExecuteEndpoint]: [GET] /metadata/endpoints?api-version=2022-09-01
[Debug][1fa2df4f-c0a2-49f2-9280-b96da16825fa][2026-04-09 15:29:44][AzureAuthorizationAdapter.IsAuthorized]: No permissions defined for the endpoint. It's treated as a public endpoint.
[Information][1fa2df4f-c0a2-49f2-9280-b96da16825fa][2026-04-09 15:29:44][GET][topaz.local.dev:8899:/metadata/endpoints?api-version=2022-09-01][OK] {"resourceManager":"https://topaz.local.dev:8899","resourceManagerEndpoint":"https://topaz.local.dev:8899","activeDirectory":"https://topaz.local.dev:8899","activeDirectoryEndpoint":"https://topaz.local.dev:8899","activeDirectoryResourceId":"https://topaz.local.dev:8899","activeDirectoryGraphResourceId":"https://topaz.local.dev:8899","microsoftGraphResourceId":"https://topaz.local.dev:8899/","endpoints":{"resourceManager":"https://topaz.local.dev:8899","resourceManagerEndpoint":"https://topaz.local.dev:8899","activeDirectory":"https://topaz.local.dev:8899","activeDirectoryEndpoint":"https://topaz.local.dev:8899","activeDirectoryResourceId":"https://topaz.local.dev:8899","activeDirectoryGraphResourceId":"https://topaz.local.dev:8899","microsoftGraphResourceId":"https://topaz.local.dev:8899/"},"suffixes":{"keyvaultDns":".vault.topaz.local.dev"},"name":"public","authentication":{"loginEndpoint":"https://topaz.local.dev:8899/","audiences":["https://management.core.windows.net/","https://management.azure.com/"]}}
[Debug][1fa2df4f-c0a2-49f2-9280-b96da16825fa][2026-04-09 15:29:44][Router.MatchAndExecuteEndpoint]: Setting content type for response as `application/json`.
[Information][c408d078-8e46-461d-9d28-790bf6cad3fd][2026-04-09 15:29:48][GET][topaz.local.dev:8899/metadata/endpoints?api-version=2022-09-01][port:8899]
[Debug][c408d078-8e46-461d-9d28-790bf6cad3fd][2026-04-09 15:29:48][Router.MatchAndExecuteEndpoint]: The selected handler for an endpoint will be MetadataEndpoint
[Debug][c408d078-8e46-461d-9d28-790bf6cad3fd][2026-04-09 15:29:48][Router.MatchAndExecuteEndpoint]: [GET] /metadata/endpoints?api-version=2022-09-01
[Debug][c408d078-8e46-461d-9d28-790bf6cad3fd][2026-04-09 15:29:48][AzureAuthorizationAdapter.IsAuthorized]: No permissions defined for the endpoint. It's treated as a public endpoint.
[Information][c408d078-8e46-461d-9d28-790bf6cad3fd][2026-04-09 15:29:48][GET][topaz.local.dev:8899:/metadata/endpoints?api-version=2022-09-01][OK] {"resourceManager":"https://topaz.local.dev:8899","resourceManagerEndpoint":"https://topaz.local.dev:8899","activeDirectory":"https://topaz.local.dev:8899","activeDirectoryEndpoint":"https://topaz.local.dev:8899","activeDirectoryResourceId":"https://topaz.local.dev:8899","activeDirectoryGraphResourceId":"https://topaz.local.dev:8899","microsoftGraphResourceId":"https://topaz.local.dev:8899/","endpoints":{"resourceManager":"https://topaz.local.dev:8899","resourceManagerEndpoint":"https://topaz.local.dev:8899","activeDirectory":"https://topaz.local.dev:8899","activeDirectoryEndpoint":"https://topaz.local.dev:8899","activeDirectoryResourceId":"https://topaz.local.dev:8899","activeDirectoryGraphResourceId":"https://topaz.local.dev:8899","microsoftGraphResourceId":"https://topaz.local.dev:8899/"},"suffixes":{"keyvaultDns":".vault.topaz.local.dev"},"name":"public","authentication":{"loginEndpoint":"https://topaz.local.dev:8899/","audiences":["https://management.core.windows.net/","https://management.azure.com/"]}}
[Debug][c408d078-8e46-461d-9d28-790bf6cad3fd][2026-04-09 15:29:48][Router.MatchAndExecuteEndpoint]: Setting content type for response as `application/json`.
[Debug][19f09dd2-626a-4ef2-8b00-8156a5ff426f][2026-04-09 15:29:50][Router.MatchAndExecuteEndpoint]: The selected handler for an endpoint will be OidcEndpoint
[Debug][19f09dd2-626a-4ef2-8b00-8156a5ff426f][2026-04-09 15:29:50][Router.MatchAndExecuteEndpoint]: [GET] /organizations/v2.0/.well-known/openid-configuration
[Debug][19f09dd2-626a-4ef2-8b00-8156a5ff426f][2026-04-09 15:29:50][AzureAuthorizationAdapter.IsAuthorized]: No permissions defined for the endpoint. It's treated as a public endpoint.
[Information][19f09dd2-626a-4ef2-8b00-8156a5ff426f][2026-04-09 15:29:50][GET][topaz.local.dev:8899:/organizations/v2.0/.well-known/openid-configuration][OK] {"issuer":"https://topaz.local.dev:8899/organizations/v2.0","authorization_endpoint":"https://topaz.local.dev:8899/organizations/oauth2/v2.0/authorize","token_endpoint":"https://topaz.local.dev:8899/organizations/oauth2/v2.0/token","jwks_uri":"https://topaz.local.dev:8899/common/discovery/v2.0/keys","userinfo_endpoint":"https://topaz.local.dev:8899/oidc/userinfo","end_session_endpoint":"https://topaz.local.dev:8899/common/oauth2/v2.0/logout","device_authorization_endpoint":"https://topaz.local.dev:8899/organizations/oauth2/v2.0/devicecode","response_types_supported":["code","code id_token","id_token","token id_token","token"],"response_modes_supported":["query","fragment","form_post"],"grant_types_supported":["authorization_code","implicit","refresh_token","client_credentials","password"],"subject_types_supported":["pairwise"],"id_token_signing_alg_values_supported":["RS256"],"token_endpoint_auth_methods_supported":["client_secret_post","client_secret_basic","private_key_jwt"],"scopes_supported":["openid","profile","email","offline_access","User.Read"],"claims_supported":["aud","iss","iat","nbf","exp","aio","appid","appidacr","email","family_name","given_name","ipaddr","name","oid","scp","sub","tid","unique_name","upn","ver"]}
[Debug][19f09dd2-626a-4ef2-8b00-8156a5ff426f][2026-04-09 15:29:50][Router.MatchAndExecuteEndpoint]: Setting content type for response as `text/plain`.
[Debug][c66ca484-bc91-4455-8d88-b618dfa06ce0][2026-04-09 15:29:50][Router.MatchAndExecuteEndpoint]: The selected handler for an endpoint will be GetUserRealmEndpoint
[Debug][c66ca484-bc91-4455-8d88-b618dfa06ce0][2026-04-09 15:29:50][Router.MatchAndExecuteEndpoint]: [GET] /common/userrealm/topazadmin@topaz.local.dev?api-version=1.0
[Debug][c66ca484-bc91-4455-8d88-b618dfa06ce0][2026-04-09 15:29:50][AzureAuthorizationAdapter.IsAuthorized]: No permissions defined for the endpoint. It's treated as a public endpoint.
[Debug][c66ca484-bc91-4455-8d88-b618dfa06ce0][2026-04-09 15:29:50][Router.MatchAndExecuteEndpoint]: Setting content type for response as `application/json`.
[Debug][ecca7518-eea7-4b12-b0d8-861d1396b7d3][2026-04-09 15:29:50][Router.MatchAndExecuteEndpoint]: The selected handler for an endpoint will be TokenEndpoint
[Debug][ecca7518-eea7-4b12-b0d8-861d1396b7d3][2026-04-09 15:29:50][Router.MatchAndExecuteEndpoint]: [POST] /organizations/oauth2/v2.0/token
[Debug][ecca7518-eea7-4b12-b0d8-861d1396b7d3][2026-04-09 15:29:50][AzureAuthorizationAdapter.IsAuthorized]: No permissions defined for the endpoint. It's treated as a public endpoint.
[Debug][ecca7518-eea7-4b12-b0d8-861d1396b7d3][2026-04-09 15:29:50][TokenEndpoint.GetResponse]: Received body: client_id=04b07795-8ddb-461a-bbee-02f9e1bf7b46&amp;grant_type=password&amp;client_info=1&amp;claims=%7B%22access_token%22%3A+%7B%22xms_cc%22%3A+%7B%22values%22%3A+%5B%22CP1%22%5D%7D%7D%7D&amp;username=topazadmin%40topaz.local.dev&amp;password=admin&amp;scope=https%3A%2F%2Ftopaz.local.dev%3A8899%2F.default+offline_access+openid+profile
[Debug][ecca7518-eea7-4b12-b0d8-861d1396b7d3][2026-04-09 15:29:50][TokenEndpoint.GetResponse]: Received code: 
[Debug][ecca7518-eea7-4b12-b0d8-861d1396b7d3][2026-04-09 15:29:50][TokenEndpoint.GetResponse]: Received client_id: 04b07795-8ddb-461a-bbee-02f9e1bf7b46
[Debug][ecca7518-eea7-4b12-b0d8-861d1396b7d3][2026-04-09 15:29:50][TokenEndpoint.GetResponse]: Received username: topazadmin@topaz.local.dev
[Debug][ecca7518-eea7-4b12-b0d8-861d1396b7d3][2026-04-09 15:29:50][TokenEndpoint.GetResponse]: Received grant type: password
[Debug][ecca7518-eea7-4b12-b0d8-861d1396b7d3][2026-04-09 15:29:50][TokenEndpoint.GetResponse]: Looking up user `topazadmin@topaz.local.dev`...
[Debug][ecca7518-eea7-4b12-b0d8-861d1396b7d3][2026-04-09 15:29:50][Router.MatchAndExecuteEndpoint]: Setting content type for response as `application/json`.
[Debug][31b007f8-bf53-4747-a551-2420135cf73a][2026-04-09 15:29:50][Router.MatchAndExecuteEndpoint]: The selected handler for an endpoint will be TokenEndpoint
[Debug][31b007f8-bf53-4747-a551-2420135cf73a][2026-04-09 15:29:50][Router.MatchAndExecuteEndpoint]: [POST] /organizations/oauth2/v2.0/token
[Debug][31b007f8-bf53-4747-a551-2420135cf73a][2026-04-09 15:29:50][AzureAuthorizationAdapter.IsAuthorized]: No permissions defined for the endpoint. It's treated as a public endpoint.
[Debug][31b007f8-bf53-4747-a551-2420135cf73a][2026-04-09 15:29:50][TokenEndpoint.GetResponse]: Received body: client_id=04b07795-8ddb-461a-bbee-02f9e1bf7b46&amp;grant_type=refresh_token&amp;client_info=1&amp;claims=%7B%22access_token%22%3A+%7B%22xms_cc%22%3A+%7B%22values%22%3A+%5B%22CP1%22%5D%7D%7D%7D&amp;refresh_token=eyJhbGciOiJIUzI1NiIsInR5cCI6IkpXVCJ9.eyJzdWIiOiIwMDAwMDAwMC0wMDAwLTAwMDAtMDAwMC0wMDAwMDAwMDAwMDAiLCJvaWQiOiIwMDAwMDAwMC0wMDAwLTAwMDAtMDAwMC0wMDAwMDAwMDAwMDAiLCJhcHBpZCI6IjAwMDAwMDAwLTAwMDAtMDAwMC0wMDAwLTAwMDAwMDAwMDAwMCIsImF6cCI6IjAwMDAwMDAwLTAwMDAtMDAwMC0wMDAwLTAwMDAwMDAwMDAwMCIsInRpZCI6IjUwNzE3Njc1LTNFNUUtNEExRS04Q0I1LUM2MkQ4QkU4Q0E0OCIsIm5iZiI6MTc3NTc0ODU5MCwiZXhwIjoxNzc1NzUyMTkwLCJpYXQiOjE3NzU3NDg1OTAsImlzcyI6Imh0dHBzOi8vdG9wYXoubG9jYWwuZGV2Ojg4OTkiLCJhdWQiOiJodHRwczovL3RvcGF6LmxvY2FsLmRldjo4ODk5In0.5s_53YbYrBhwEmqAijX47ITiRIxg_kIRm-ZyPnFVLqU&amp;scope=https%3A%2F%2Ftopaz.local.dev%3A8899%2F.default+offline_access+openid+profile
[Debug][31b007f8-bf53-4747-a551-2420135cf73a][2026-04-09 15:29:50][TokenEndpoint.GetResponse]: Received code: 
[Debug][31b007f8-bf53-4747-a551-2420135cf73a][2026-04-09 15:29:50][TokenEndpoint.GetResponse]: Received client_id: 04b07795-8ddb-461a-bbee-02f9e1bf7b46
[Debug][31b007f8-bf53-4747-a551-2420135cf73a][2026-04-09 15:29:50][TokenEndpoint.GetResponse]: Received username: 
[Debug][31b007f8-bf53-4747-a551-2420135cf73a][2026-04-09 15:29:50][TokenEndpoint.GetResponse]: Received grant type: refresh_token
[Debug][31b007f8-bf53-4747-a551-2420135cf73a][2026-04-09 15:29:50][TokenEndpoint.GetResponse]: Extracting object ID from refresh token...
[Debug][31b007f8-bf53-4747-a551-2420135cf73a][2026-04-09 15:29:51][Router.MatchAndExecuteEndpoint]: Setting content type for response as `application/json`.
[Debug][72235ecb-d469-431c-8805-68c35812bdf3][2026-04-09 15:29:51][Router.MatchAndExecuteEndpoint]: The selected handler for an endpoint will be TenantsEndpoint
[Debug][72235ecb-d469-431c-8805-68c35812bdf3][2026-04-09 15:29:51][Router.MatchAndExecuteEndpoint]: [GET] /tenants?api-version=2022-12-01
[Debug][72235ecb-d469-431c-8805-68c35812bdf3][2026-04-09 15:29:51][AzureAuthorizationAdapter.IsAuthorized]: No permissions defined for the endpoint. It's treated as a public endpoint.
[Debug][72235ecb-d469-431c-8805-68c35812bdf3][2026-04-09 15:29:51][Router.MatchAndExecuteEndpoint]: Setting content type for response as `application/json`.
[Debug][34be213d-94af-4c96-b118-17c9d0093ff6][2026-04-09 15:29:51][Router.MatchAndExecuteEndpoint]: The selected handler for an endpoint will be OidcEndpoint
[Debug][34be213d-94af-4c96-b118-17c9d0093ff6][2026-04-09 15:29:51][Router.MatchAndExecuteEndpoint]: [GET] /50717675-3E5E-4A1E-8CB5-C62D8BE8CA48/v2.0/.well-known/openid-configuration
[Debug][34be213d-94af-4c96-b118-17c9d0093ff6][2026-04-09 15:29:51][AzureAuthorizationAdapter.IsAuthorized]: No permissions defined for the endpoint. It's treated as a public endpoint.
[Information][34be213d-94af-4c96-b118-17c9d0093ff6][2026-04-09 15:29:51][GET][topaz.local.dev:8899:/50717675-3E5E-4A1E-8CB5-C62D8BE8CA48/v2.0/.well-known/openid-configuration][OK] {"issuer":"https://topaz.local.dev:8899/organizations/v2.0","authorization_endpoint":"https://topaz.local.dev:8899/organizations/oauth2/v2.0/authorize","token_endpoint":"https://topaz.local.dev:8899/organizations/oauth2/v2.0/token","jwks_uri":"https://topaz.local.dev:8899/common/discovery/v2.0/keys","userinfo_endpoint":"https://topaz.local.dev:8899/oidc/userinfo","end_session_endpoint":"https://topaz.local.dev:8899/common/oauth2/v2.0/logout","device_authorization_endpoint":"https://topaz.local.dev:8899/organizations/oauth2/v2.0/devicecode","response_types_supported":["code","code id_token","id_token","token id_token","token"],"response_modes_supported":["query","fragment","form_post"],"grant_types_supported":["authorization_code","implicit","refresh_token","client_credentials","password"],"subject_types_supported":["pairwise"],"id_token_signing_alg_values_supported":["RS256"],"token_endpoint_auth_methods_supported":["client_secret_post","client_secret_basic","private_key_jwt"],"scopes_supported":["openid","profile","email","offline_access","User.Read"],"claims_supported":["aud","iss","iat","nbf","exp","aio","appid","appidacr","email","family_name","given_name","ipaddr","name","oid","scp","sub","tid","unique_name","upn","ver"]}
[Debug][34be213d-94af-4c96-b118-17c9d0093ff6][2026-04-09 15:29:51][Router.MatchAndExecuteEndpoint]: Setting content type for response as `text/plain`.
[Debug][e1528495-b660-475f-8340-892c42c3ba56][2026-04-09 15:29:51][Router.MatchAndExecuteEndpoint]: The selected handler for an endpoint will be TokenEndpoint
[Debug][e1528495-b660-475f-8340-892c42c3ba56][2026-04-09 15:29:51][Router.MatchAndExecuteEndpoint]: [POST] /organizations/oauth2/v2.0/token
[Debug][e1528495-b660-475f-8340-892c42c3ba56][2026-04-09 15:29:51][AzureAuthorizationAdapter.IsAuthorized]: No permissions defined for the endpoint. It's treated as a public endpoint.
[Debug][e1528495-b660-475f-8340-892c42c3ba56][2026-04-09 15:29:51][TokenEndpoint.GetResponse]: Received body: client_id=04b07795-8ddb-461a-bbee-02f9e1bf7b46&amp;grant_type=refresh_token&amp;client_info=1&amp;claims=%7B%22access_token%22%3A+%7B%22xms_cc%22%3A+%7B%22values%22%3A+%5B%22CP1%22%5D%7D%7D%7D&amp;refresh_token=eyJhbGciOiJIUzI1NiIsInR5cCI6IkpXVCJ9.eyJzdWIiOiIwMDAwMDAwMC0wMDAwLTAwMDAtMDAwMC0wMDAwMDAwMDAwMDAiLCJvaWQiOiIwMDAwMDAwMC0wMDAwLTAwMDAtMDAwMC0wMDAwMDAwMDAwMDAiLCJhcHBpZCI6IjAwMDAwMDAwLTAwMDAtMDAwMC0wMDAwLTAwMDAwMDAwMDAwMCIsImF6cCI6IjAwMDAwMDAwLTAwMDAtMDAwMC0wMDAwLTAwMDAwMDAwMDAwMCIsInRpZCI6IjUwNzE3Njc1LTNFNUUtNEExRS04Q0I1LUM2MkQ4QkU4Q0E0OCIsIm5iZiI6MTc3NTc0ODU5MSwiZXhwIjoxNzc1NzUyMTkxLCJpYXQiOjE3NzU3NDg1OTEsImlzcyI6Imh0dHBzOi8vdG9wYXoubG9jYWwuZGV2Ojg4OTkiLCJhdWQiOiJodHRwczovL3RvcGF6LmxvY2FsLmRldjo4ODk5In0.HSR8bOMeMDbjXEt6Efw8yela5SpBV0zp5Cw0GI-FPrc&amp;scope=https%3A%2F%2Ftopaz.local.dev%3A8899%2F.default+offline_access+openid+profile
[Debug][e1528495-b660-475f-8340-892c42c3ba56][2026-04-09 15:29:51][TokenEndpoint.GetResponse]: Received code: 
[Debug][e1528495-b660-475f-8340-892c42c3ba56][2026-04-09 15:29:51][TokenEndpoint.GetResponse]: Received client_id: 04b07795-8ddb-461a-bbee-02f9e1bf7b46
[Debug][e1528495-b660-475f-8340-892c42c3ba56][2026-04-09 15:29:51][TokenEndpoint.GetResponse]: Received username: 
[Debug][e1528495-b660-475f-8340-892c42c3ba56][2026-04-09 15:29:51][TokenEndpoint.GetResponse]: Received grant type: refresh_token
[Debug][e1528495-b660-475f-8340-892c42c3ba56][2026-04-09 15:29:51][TokenEndpoint.GetResponse]: Extracting object ID from refresh token...
[Debug][e1528495-b660-475f-8340-892c42c3ba56][2026-04-09 15:29:51][Router.MatchAndExecuteEndpoint]: Setting content type for response as `application/json`.
[Debug][eedae3bf-763e-4baa-85ec-fc74025f7811][2026-04-09 15:29:51][Router.MatchAndExecuteEndpoint]: The selected handler for an endpoint will be ListSubscriptionsEndpoint
[Debug][eedae3bf-763e-4baa-85ec-fc74025f7811][2026-04-09 15:29:51][Router.MatchAndExecuteEndpoint]: [GET] /subscriptions?api-version=2022-12-01
[Debug][eedae3bf-763e-4baa-85ec-fc74025f7811][2026-04-09 15:29:51][Router.MatchAndExecuteEndpoint]: Setting content type for response as `application/json`.
[Information][7340a314-44f5-4468-a258-803ba5f7187d][2026-04-09 15:31:41][GET][topaz.local.dev:8899/metadata/endpoints?api-version=2022-09-01][port:8899]
[Debug][7340a314-44f5-4468-a258-803ba5f7187d][2026-04-09 15:31:41][Router.MatchAndExecuteEndpoint]: The selected handler for an endpoint will be MetadataEndpoint
[Debug][7340a314-44f5-4468-a258-803ba5f7187d][2026-04-09 15:31:41][Router.MatchAndExecuteEndpoint]: [GET] /metadata/endpoints?api-version=2022-09-01
[Debug][7340a314-44f5-4468-a258-803ba5f7187d][2026-04-09 15:31:41][AzureAuthorizationAdapter.IsAuthorized]: No permissions defined for the endpoint. It's treated as a public endpoint.
[Information][7340a314-44f5-4468-a258-803ba5f7187d][2026-04-09 15:31:41][GET][topaz.local.dev:8899:/metadata/endpoints?api-version=2022-09-01][OK] {"resourceManager":"https://topaz.local.dev:8899","resourceManagerEndpoint":"https://topaz.local.dev:8899","activeDirectory":"https://topaz.local.dev:8899","activeDirectoryEndpoint":"https://topaz.local.dev:8899","activeDirectoryResourceId":"https://topaz.local.dev:8899","activeDirectoryGraphResourceId":"https://topaz.local.dev:8899","microsoftGraphResourceId":"https://topaz.local.dev:8899/","endpoints":{"resourceManager":"https://topaz.local.dev:8899","resourceManagerEndpoint":"https://topaz.local.dev:8899","activeDirectory":"https://topaz.local.dev:8899","activeDirectoryEndpoint":"https://topaz.local.dev:8899","activeDirectoryResourceId":"https://topaz.local.dev:8899","activeDirectoryGraphResourceId":"https://topaz.local.dev:8899","microsoftGraphResourceId":"https://topaz.local.dev:8899/"},"suffixes":{"keyvaultDns":".vault.topaz.local.dev"},"name":"public","authentication":{"loginEndpoint":"https://topaz.local.dev:8899/","audiences":["https://management.core.windows.net/","https://management.azure.com/"]}}
[Debug][7340a314-44f5-4468-a258-803ba5f7187d][2026-04-09 15:31:41][Router.MatchAndExecuteEndpoint]: Setting content type for response as `application/json`.</StdErr>
        <ErrorInfo>
          <Message>System.AggregateException : One or more errors occurred. (  `terraform -chdir=/workspace/53817decc9454c339b822b74f79de49b apply -auto-approve` failed.
STDOUT: 
STDERR: 
Error: 
The AzureRM Provider supports the different Azure Public Clouds - including China, Public,
and US Government - however it does not support Azure Stack due to differences in API and
feature availability

  with provider["registry.terraform.io/hashicorp/azurerm"],
  on provider.tf line 10, in provider "azurerm":
  10: provider "azurerm" {


  Expected: 0
  But was:  1
)
  ----&gt; NUnit.Framework.AssertionException :   `terraform -chdir=/workspace/53817decc9454c339b822b74f79de49b apply -auto-approve` failed.
STDOUT: 
STDERR: 
Error: 
The AzureRM Provider supports the different Azure Public Clouds - including China, Public,
and US Government - however it does not support Azure Stack due to differences in API and
feature availability

  with provider["registry.terraform.io/hashicorp/azurerm"],
  on provider.tf line 10, in provider "azurerm":
  10: provider "azurerm" {


  Expected: 0
  But was:  1


  1)   `terraform -chdir=/workspace/53817decc9454c339b822b74f79de49b apply -auto-approve` failed.
STDOUT: 
STDERR: 
Error: 
The AzureRM Provider supports the different Azure Public Clouds - including China, Public,
and US Government - however it does not support Azure Stack due to differences in API and
feature availability

  with provider["registry.terraform.io/hashicorp/azurerm"],
  on provider.tf line 10, in provider "azurerm":
  10: provider "azurerm" {


  Expected: 0
  But was:  1

</Message>
          <StackTrace>   at System.Threading.Tasks.Task.ThrowIfExceptional(Boolean includeTaskCanceledExceptions)
   at System.Threading.Tasks.Task`1.GetResultCore(Boolean waitCompletionNotification)
   at System.Threading.Tasks.Task`1.get_Result()
   at Topaz.Tests.Terraform.TopazFixture.&lt;&gt;c.&lt;ExecTerraform&gt;b__26_0(Task`1 t) in /Volumes/T7/Topaz/Topaz.Tests.Terraform/TopazFixture.cs:line 375
   at System.Threading.Tasks.ContinuationTaskFromResultTask`1.InnerInvoke()
   at System.Threading.ExecutionContext.RunFromThreadPoolDispatchLoop(Thread threadPoolThread, ExecutionContext executionContext, ContextCallback callback, Object state)
--- End of stack trace from previous location ---
   at System.Threading.ExecutionContext.RunFromThreadPoolDispatchLoop(Thread threadPoolThread, ExecutionContext executionContext, ContextCallback callback, Object state)
   at System.Threading.Tasks.Task.ExecuteWithThreadLocal(Task&amp; currentTaskSlot, Thread threadPoolThread)
--- End of stack trace from previous location ---
   at Topaz.Tests.Terraform.TopazFixture.RunTerraform(String providerRelPath, String scenarioRelPath, Action`1 assertOutputs) in /Volumes/T7/Topaz/Topaz.Tests.Terraform/TopazFixture.cs:line 331
   at Topaz.Tests.Terraform.AzureRm.EventHubTests.EventHub_CreateAndDestroy_Succeeds() in /Volumes/T7/Topaz/Topaz.Tests.Terraform/AzureRm/EventHubTests.cs:line 17
   at NUnit.Framework.Internal.TaskAwaitAdapter.GenericAdapter`1.BlockUntilCompleted()
   at NUnit.Framework.Internal.MessagePumpStrategy.NoMessagePumpStrategy.WaitForCompletion(AwaitAdapter awaiter)
   at NUnit.Framework.Internal.AsyncToSyncAdapter.Await(Func`1 invoke)
   at NUnit.Framework.Internal.Commands.TestMethodCommand.RunTestMethod(TestExecutionContext context)
   at NUnit.Framework.Internal.Commands.TestMethodCommand.Execute(TestExecutionContext context)
   at NUnit.Framework.Internal.Execution.SimpleWorkItem.&lt;&gt;c__DisplayClass4_0.&lt;PerformWork&gt;b__0()
   at NUnit.Framework.Internal.ContextUtils.&lt;&gt;c__DisplayClass1_0`1.&lt;DoIsolated&gt;b__0(Object _)
   at System.Threading.ExecutionContext.RunInternal(ExecutionContext executionContext, ContextCallback callback, Object state)
--- End of stack trace from previous location ---
   at System.Threading.ExecutionContext.RunInternal(ExecutionContext executionContext, ContextCallback callback, Object state)
   at NUnit.Framework.Internal.ContextUtils.DoIsolated(ContextCallback callback, Object state)
   at NUnit.Framework.Internal.ContextUtils.DoIsolated[T](Func`1 func)
   at NUnit.Framework.Internal.Execution.SimpleWorkItem.PerformWork()
--AssertionException
   at NUnit.Framework.Assert.ReportFailure(String message)
   at NUnit.Framework.Assert.ReportFailure(ConstraintResult result, String message, Object[] args)
   at NUnit.Framework.Assert.That[TActual](TActual actual, IResolveConstraint expression, String message, Object[] args)
   at Topaz.Tests.Terraform.TopazFixture.ExecTerraformWithOutput(String command) in /Volumes/T7/Topaz/Topaz.Tests.Terraform/TopazFixture.cs:line 444
1)    at Topaz.Tests.Terraform.TopazFixture.ExecTerraformWithOutput(String command) in /Volumes/T7/Topaz/Topaz.Tests.Terraform/TopazFixture.cs:line 444
   at System.Runtime.CompilerServices.AsyncTaskMethodBuilder`1.AsyncStateMachineBox`1.ExecutionContextCallback(Object s)

2)    at System.Threading.Tasks.Task.ThrowIfExceptional(Boolean includeTaskCanceledExceptions)
   at System.Threading.Tasks.Task`1.GetResultCore(Boolean waitCompletionNotification)
   at System.Threading.Tasks.Task`1.get_Result()
   at Topaz.Tests.Terraform.TopazFixture.&lt;&gt;c.&lt;ExecTerraform&gt;b__26_0(Task`1 t) in /Volumes/T7/Topaz/Topaz.Tests.Terraform/TopazFixture.cs:line 375
   at System.Threading.Tasks.ContinuationTaskFromResultTask`1.InnerInvoke()
   at System.Threading.ExecutionContext.RunFromThreadPoolDispatchLoop(Thread threadPoolThread, ExecutionContext executionContext, ContextCallback callback, Object state)
--- End of stack trace from previous location ---
   at System.Threading.ExecutionContext.RunFromThreadPoolDispatchLoop(Thread threadPoolThread, ExecutionContext executionContext, ContextCallback callback, Object state)
   at System.Threading.Tasks.Task.ExecuteWithThreadLocal(Task&amp; currentTaskSlot, Thread threadPoolThread)
--- End of stack trace from previous location ---
   at Topaz.Tests.Terraform.TopazFixture.RunTerraform(String providerRelPath, String scenarioRelPath, Action`1 assertOutputs) in /Volumes/T7/Topaz/Topaz.Tests.Terraform/TopazFixture.cs:line 331
   at Topaz.Tests.Terraform.AzureRm.EventHubTests.EventHub_CreateAndDestroy_Succeeds() in /Volumes/T7/Topaz/Topaz.Tests.Terraform/AzureRm/EventHubTests.cs:line 17
   at NUnit.Framework.Internal.TaskAwaitAdapter.GenericAdapter`1.BlockUntilCompleted()
   at NUnit.Framework.Internal.MessagePumpStrategy.NoMessagePumpStrategy.WaitForCompletion(AwaitAdapter awaiter)
   at NUnit.Framework.Internal.AsyncToSyncAdapter.Await(Func`1 invoke)
   at NUnit.Framework.Internal.Commands.TestMethodCommand.RunTestMethod(TestExecutionContext context)
   at NUnit.Framework.Internal.Commands.TestMethodCommand.Execute(TestExecutionContext context)
   at NUnit.Framework.Internal.Execution.SimpleWorkItem.&lt;&gt;c__DisplayClass4_0.&lt;PerformWork&gt;b__0()
   at NUnit.Framework.Internal.ContextUtils.&lt;&gt;c__DisplayClass1_0`1.&lt;DoIsolated&gt;b__0(Object _)
   at System.Threading.ExecutionContext.RunInternal(ExecutionContext executionContext, ContextCallback callback, Object state)
--- End of stack trace from previous location ---
   at System.Threading.ExecutionContext.RunInternal(ExecutionContext executionContext, ContextCallback callback, Object state)
   at NUnit.Framework.Internal.ContextUtils.DoIsolated(ContextCallback callback, Object state)
   at NUnit.Framework.Internal.ContextUtils.DoIsolated[T](Func`1 func)
   at NUnit.Framework.Internal.Execution.SimpleWorkItem.PerformWork()
--AssertionException
   at NUnit.Framework.Assert.ReportFailure(String message)
   at NUnit.Framework.Assert.ReportFailure(ConstraintResult result, String message, Object[] args)
   at NUnit.Framework.Assert.That[TActual](TActual actual, IResolveConstraint expression, String message, Object[] args)
   at Topaz.Tests.Terraform.TopazFixture.ExecTerraformWithOutput(String command) in /Volumes/T7/Topaz/Topaz.Tests.Terraform/TopazFixture.cs:line 444
</StackTrace>
        </ErrorInfo>
      </Output>
    </UnitTestResult>
  </Results>
  <TestDefinitions>
    <UnitTest name="EventHub_CreateAndDestroy_Succeeds" storage="/volumes/t7/topaz/topaz.tests.terraform/bin/debug/net8.0/topaz.tests.terraform.dll" id="21c2025d-ecbb-98ba-087b-75b994dade2a">
      <Execution id="f5dd69fb-b570-4438-b918-26555fec4402" />
      <TestMethod codeBase="/Volumes/T7/Topaz/Topaz.Tests.Terraform/bin/Debug/net8.0/Topaz.Tests.Terraform.dll" adapterTypeName="executor://nunit3testexecutor/" className="Topaz.Tests.Terraform.AzureRm.EventHubTests" name="EventHub_CreateAndDestroy_Succeeds" />
    </UnitTest>
  </TestDefinitions>
  <TestEntries>
    <TestEntry testId="21c2025d-ecbb-98ba-087b-75b994dade2a" executionId="f5dd69fb-b570-4438-b918-26555fec4402" testListId="8c84fa94-04c1-424b-9868-57a2d4851a1d" />
  </TestEntries>
  <TestLists>
    <TestList name="Results Not in a List" id="8c84fa94-04c1-424b-9868-57a2d4851a1d" />
    <TestList name="All Loaded Results" id="19431567-8539-422a-85d7-44ee4e166bda" />
  </TestLists>
  <ResultSummary outcome="Failed">
    <Counters total="1" executed="1" passed="0" failed="1" error="0" timeout="0" aborted="0" inconclusive="0" passedButRunAborted="0" notRunnable="0" notExecuted="0" disconnected="0" warning="0" completed="0" inProgress="0" pending="0" />
    <Output>
      <StdOut>NUnit Adapter 4.5.0.0: Test execution started
Running selected tests in /Volumes/T7/Topaz/Topaz.Tests.Terraform/bin/Debug/net8.0/Topaz.Tests.Terraform.dll
   NUnit3TestExecutor discovered 1 of 1 NUnit test cases using Current Discovery mode, Non-Explicit run
NUnit Adapter 4.5.0.0: Test execution complete
[testcontainers.org 00:02:05.81] Delete Docker container b6ba50651f70
</StdOut>
    </Output>
    <RunInfos>
      <RunInfo computerName="Air-Kamil" outcome="Warning" timestamp="2026-04-09T17:31:41.4512290+02:00">
        <Text>
Error: 
The AzureRM Provider supports the different Azure Public Clouds - including China, Public,
and US Government - however it does not support Azure Stack due to differences in API and
feature availability

  with provider["registry.terraform.io/hashicorp/azurerm"],
  on provider.tf line 10, in provider "azurerm":
  10: provider "azurerm" {

</Text>
      </RunInfo>
      <RunInfo computerName="Air-Kamil" outcome="Warning" timestamp="2026-04-09T17:31:41.5445770+02:00">
        <Text>[docker logs topaz.local.dev]
[Information][089eea43-672b-4ed1-a319-156d8c85316c][2026-04-09 15:29:40]Starting HTTPS endpoint: 0.0.0.0:8892
[Debug][089eea43-672b-4ed1-a319-156d8c85316c][2026-04-09 15:29:40][Host.CreateWebserverForHttpEndpointsAsync]: Using port 8892 will be skipped as it's already registered.
[Information][089eea43-672b-4ed1-a319-156d8c85316c][2026-04-09 15:29:40]Starting HTTPS endpoint: 0.0.0.0:8892
[Debug][089eea43-672b-4ed1-a319-156d8c85316c][2026-04-09 15:29:40][Host.CreateWebserverForHttpEndpointsAsync]: Using port 8892 will be skipped as it's already registered.
[Information][089eea43-672b-4ed1-a319-156d8c85316c][2026-04-09 15:29:40]Starting HTTPS endpoint: 0.0.0.0:8892
[Debug][089eea43-672b-4ed1-a319-156d8c85316c][2026-04-09 15:29:40][Host.CreateWebserverForHttpEndpointsAsync]: Using port 8892 will be skipped as it's already registered.
[Information][089eea43-672b-4ed1-a319-156d8c85316c][2026-04-09 15:29:40]Starting HTTPS endpoint: 0.0.0.0:8892
[Debug][089eea43-672b-4ed1-a319-156d8c85316c][2026-04-09 15:29:40][Host.CreateWebserverForHttpEndpointsAsync]: Using port 8892 will be skipped as it's already registered.
Topaz.Host listening to incoming requests...
[Error][089eea43-672b-4ed1-a319-156d8c85316c][2026-04-09 15:29:40]Failed to open Topaz host listener for AMQP (amqps://0.0.0.0:5671). Error: Address already in use.
[Error][089eea43-672b-4ed1-a319-156d8c85316c][2026-04-09 15:29:40]Failed to open Topaz host listener for AMQP (amqps://0.0.0.0:5671). Error: Address already in use.
[Information][1fa2df4f-c0a2-49f2-9280-b96da16825fa][2026-04-09 15:29:44][GET][topaz.local.dev:8899/metadata/endpoints?api-version=2022-09-01][port:8899]
[Debug][1fa2df4f-c0a2-49f2-9280-b96da16825fa][2026-04-09 15:29:44][Router.MatchAndExecuteEndpoint]: The selected handler for an endpoint will be MetadataEndpoint
[Debug][1fa2df4f-c0a2-49f2-9280-b96da16825fa][2026-04-09 15:29:44][Router.MatchAndExecuteEndpoint]: [GET] /metadata/endpoints?api-version=2022-09-01
[Debug][1fa2df4f-c0a2-49f2-9280-b96da16825fa][2026-04-09 15:29:44][AzureAuthorizationAdapter.IsAuthorized]: No permissions defined for the endpoint. It's treated as a public endpoint.
[Information][1fa2df4f-c0a2-49f2-9280-b96da16825fa][2026-04-09 15:29:44][GET][topaz.local.dev:8899:/metadata/endpoints?api-version=2022-09-01][OK] {"resourceManager":"https://topaz.local.dev:8899","resourceManagerEndpoint":"https://topaz.local.dev:8899","activeDirectory":"https://topaz.local.dev:8899","activeDirectoryEndpoint":"https://topaz.local.dev:8899","activeDirectoryResourceId":"https://topaz.local.dev:8899","activeDirectoryGraphResourceId":"https://topaz.local.dev:8899","microsoftGraphResourceId":"https://topaz.local.dev:8899/","endpoints":{"resourceManager":"https://topaz.local.dev:8899","resourceManagerEndpoint":"https://topaz.local.dev:8899","activeDirectory":"https://topaz.local.dev:8899","activeDirectoryEndpoint":"https://topaz.local.dev:8899","activeDirectoryResourceId":"https://topaz.local.dev:8899","activeDirectoryGraphResourceId":"https://topaz.local.dev:8899","microsoftGraphResourceId":"https://topaz.local.dev:8899/"},"suffixes":{"keyvaultDns":".vault.topaz.local.dev"},"name":"public","authentication":{"loginEndpoint":"https://topaz.local.dev:8899/","audiences":["https://management.core.windows.net/","https://management.azure.com/"]}}
[Debug][1fa2df4f-c0a2-49f2-9280-b96da16825fa][2026-04-09 15:29:44][Router.MatchAndExecuteEndpoint]: Setting content type for response as `application/json`.
[Information][c408d078-8e46-461d-9d28-790bf6cad3fd][2026-04-09 15:29:48][GET][topaz.local.dev:8899/metadata/endpoints?api-version=2022-09-01][port:8899]
[Debug][c408d078-8e46-461d-9d28-790bf6cad3fd][2026-04-09 15:29:48][Router.MatchAndExecuteEndpoint]: The selected handler for an endpoint will be MetadataEndpoint
[Debug][c408d078-8e46-461d-9d28-790bf6cad3fd][2026-04-09 15:29:48][Router.MatchAndExecuteEndpoint]: [GET] /metadata/endpoints?api-version=2022-09-01
[Debug][c408d078-8e46-461d-9d28-790bf6cad3fd][2026-04-09 15:29:48][AzureAuthorizationAdapter.IsAuthorized]: No permissions defined for the endpoint. It's treated as a public endpoint.
[Information][c408d078-8e46-461d-9d28-790bf6cad3fd][2026-04-09 15:29:48][GET][topaz.local.dev:8899:/metadata/endpoints?api-version=2022-09-01][OK] {"resourceManager":"https://topaz.local.dev:8899","resourceManagerEndpoint":"https://topaz.local.dev:8899","activeDirectory":"https://topaz.local.dev:8899","activeDirectoryEndpoint":"https://topaz.local.dev:8899","activeDirectoryResourceId":"https://topaz.local.dev:8899","activeDirectoryGraphResourceId":"https://topaz.local.dev:8899","microsoftGraphResourceId":"https://topaz.local.dev:8899/","endpoints":{"resourceManager":"https://topaz.local.dev:8899","resourceManagerEndpoint":"https://topaz.local.dev:8899","activeDirectory":"https://topaz.local.dev:8899","activeDirectoryEndpoint":"https://topaz.local.dev:8899","activeDirectoryResourceId":"https://topaz.local.dev:8899","activeDirectoryGraphResourceId":"https://topaz.local.dev:8899","microsoftGraphResourceId":"https://topaz.local.dev:8899/"},"suffixes":{"keyvaultDns":".vault.topaz.local.dev"},"name":"public","authentication":{"loginEndpoint":"https://topaz.local.dev:8899/","audiences":["https://management.core.windows.net/","https://management.azure.com/"]}}
[Debug][c408d078-8e46-461d-9d28-790bf6cad3fd][2026-04-09 15:29:48][Router.MatchAndExecuteEndpoint]: Setting content type for response as `application/json`.
[Debug][19f09dd2-626a-4ef2-8b00-8156a5ff426f][2026-04-09 15:29:50][Router.MatchAndExecuteEndpoint]: The selected handler for an endpoint will be OidcEndpoint
[Debug][19f09dd2-626a-4ef2-8b00-8156a5ff426f][2026-04-09 15:29:50][Router.MatchAndExecuteEndpoint]: [GET] /organizations/v2.0/.well-known/openid-configuration
[Debug][19f09dd2-626a-4ef2-8b00-8156a5ff426f][2026-04-09 15:29:50][AzureAuthorizationAdapter.IsAuthorized]: No permissions defined for the endpoint. It's treated as a public endpoint.
[Information][19f09dd2-626a-4ef2-8b00-8156a5ff426f][2026-04-09 15:29:50][GET][topaz.local.dev:8899:/organizations/v2.0/.well-known/openid-configuration][OK] {"issuer":"https://topaz.local.dev:8899/organizations/v2.0","authorization_endpoint":"https://topaz.local.dev:8899/organizations/oauth2/v2.0/authorize","token_endpoint":"https://topaz.local.dev:8899/organizations/oauth2/v2.0/token","jwks_uri":"https://topaz.local.dev:8899/common/discovery/v2.0/keys","userinfo_endpoint":"https://topaz.local.dev:8899/oidc/userinfo","end_session_endpoint":"https://topaz.local.dev:8899/common/oauth2/v2.0/logout","device_authorization_endpoint":"https://topaz.local.dev:8899/organizations/oauth2/v2.0/devicecode","response_types_supported":["code","code id_token","id_token","token id_token","token"],"response_modes_supported":["query","fragment","form_post"],"grant_types_supported":["authorization_code","implicit","refresh_token","client_credentials","password"],"subject_types_supported":["pairwise"],"id_token_signing_alg_values_supported":["RS256"],"token_endpoint_auth_methods_supported":["client_secret_post","client_secret_basic","private_key_jwt"],"scopes_supported":["openid","profile","email","offline_access","User.Read"],"claims_supported":["aud","iss","iat","nbf","exp","aio","appid","appidacr","email","family_name","given_name","ipaddr","name","oid","scp","sub","tid","unique_name","upn","ver"]}
[Debug][19f09dd2-626a-4ef2-8b00-8156a5ff426f][2026-04-09 15:29:50][Router.MatchAndExecuteEndpoint]: Setting content type for response as `text/plain`.
[Debug][c66ca484-bc91-4455-8d88-b618dfa06ce0][2026-04-09 15:29:50][Router.MatchAndExecuteEndpoint]: The selected handler for an endpoint will be GetUserRealmEndpoint
[Debug][c66ca484-bc91-4455-8d88-b618dfa06ce0][2026-04-09 15:29:50][Router.MatchAndExecuteEndpoint]: [GET] /common/userrealm/topazadmin@topaz.local.dev?api-version=1.0
[Debug][c66ca484-bc91-4455-8d88-b618dfa06ce0][2026-04-09 15:29:50][AzureAuthorizationAdapter.IsAuthorized]: No permissions defined for the endpoint. It's treated as a public endpoint.
[Debug][c66ca484-bc91-4455-8d88-b618dfa06ce0][2026-04-09 15:29:50][Router.MatchAndExecuteEndpoint]: Setting content type for response as `application/json`.
[Debug][ecca7518-eea7-4b12-b0d8-861d1396b7d3][2026-04-09 15:29:50][Router.MatchAndExecuteEndpoint]: The selected handler for an endpoint will be TokenEndpoint
[Debug][ecca7518-eea7-4b12-b0d8-861d1396b7d3][2026-04-09 15:29:50][Router.MatchAndExecuteEndpoint]: [POST] /organizations/oauth2/v2.0/token
[Debug][ecca7518-eea7-4b12-b0d8-861d1396b7d3][2026-04-09 15:29:50][AzureAuthorizationAdapter.IsAuthorized]: No permissions defined for the endpoint. It's treated as a public endpoint.
[Debug][ecca7518-eea7-4b12-b0d8-861d1396b7d3][2026-04-09 15:29:50][TokenEndpoint.GetResponse]: Received body: client_id=04b07795-8ddb-461a-bbee-02f9e1bf7b46&amp;grant_type=password&amp;client_info=1&amp;claims=%7B%22access_token%22%3A+%7B%22xms_cc%22%3A+%7B%22values%22%3A+%5B%22CP1%22%5D%7D%7D%7D&amp;username=topazadmin%40topaz.local.dev&amp;password=admin&amp;scope=https%3A%2F%2Ftopaz.local.dev%3A8899%2F.default+offline_access+openid+profile
[Debug][ecca7518-eea7-4b12-b0d8-861d1396b7d3][2026-04-09 15:29:50][TokenEndpoint.GetResponse]: Received code: 
[Debug][ecca7518-eea7-4b12-b0d8-861d1396b7d3][2026-04-09 15:29:50][TokenEndpoint.GetResponse]: Received client_id: 04b07795-8ddb-461a-bbee-02f9e1bf7b46
[Debug][ecca7518-eea7-4b12-b0d8-861d1396b7d3][2026-04-09 15:29:50][TokenEndpoint.GetResponse]: Received username: topazadmin@topaz.local.dev
[Debug][ecca7518-eea7-4b12-b0d8-861d1396b7d3][2026-04-09 15:29:50][TokenEndpoint.GetResponse]: Received grant type: password
[Debug][ecca7518-eea7-4b12-b0d8-861d1396b7d3][2026-04-09 15:29:50][TokenEndpoint.GetResponse]: Looking up user `topazadmin@topaz.local.dev`...
[Debug][ecca7518-eea7-4b12-b0d8-861d1396b7d3][2026-04-09 15:29:50][Router.MatchAndExecuteEndpoint]: Setting content type for response as `application/json`.
[Debug][31b007f8-bf53-4747-a551-2420135cf73a][2026-04-09 15:29:50][Router.MatchAndExecuteEndpoint]: The selected handler for an endpoint will be TokenEndpoint
[Debug][31b007f8-bf53-4747-a551-2420135cf73a][2026-04-09 15:29:50][Router.MatchAndExecuteEndpoint]: [POST] /organizations/oauth2/v2.0/token
[Debug][31b007f8-bf53-4747-a551-2420135cf73a][2026-04-09 15:29:50][AzureAuthorizationAdapter.IsAuthorized]: No permissions defined for the endpoint. It's treated as a public endpoint.
[Debug][31b007f8-bf53-4747-a551-2420135cf73a][2026-04-09 15:29:50][TokenEndpoint.GetResponse]: Received body: client_id=04b07795-8ddb-461a-bbee-02f9e1bf7b46&amp;grant_type=refresh_token&amp;client_info=1&amp;claims=%7B%22access_token%22%3A+%7B%22xms_cc%22%3A+%7B%22values%22%3A+%5B%22CP1%22%5D%7D%7D%7D&amp;refresh_token=eyJhbGciOiJIUzI1NiIsInR5cCI6IkpXVCJ9.eyJzdWIiOiIwMDAwMDAwMC0wMDAwLTAwMDAtMDAwMC0wMDAwMDAwMDAwMDAiLCJvaWQiOiIwMDAwMDAwMC0wMDAwLTAwMDAtMDAwMC0wMDAwMDAwMDAwMDAiLCJhcHBpZCI6IjAwMDAwMDAwLTAwMDAtMDAwMC0wMDAwLTAwMDAwMDAwMDAwMCIsImF6cCI6IjAwMDAwMDAwLTAwMDAtMDAwMC0wMDAwLTAwMDAwMDAwMDAwMCIsInRpZCI6IjUwNzE3Njc1LTNFNUUtNEExRS04Q0I1LUM2MkQ4QkU4Q0E0OCIsIm5iZiI6MTc3NTc0ODU5MCwiZXhwIjoxNzc1NzUyMTkwLCJpYXQiOjE3NzU3NDg1OTAsImlzcyI6Imh0dHBzOi8vdG9wYXoubG9jYWwuZGV2Ojg4OTkiLCJhdWQiOiJodHRwczovL3RvcGF6LmxvY2FsLmRldjo4ODk5In0.5s_53YbYrBhwEmqAijX47ITiRIxg_kIRm-ZyPnFVLqU&amp;scope=https%3A%2F%2Ftopaz.local.dev%3A8899%2F.default+offline_access+openid+profile
[Debug][31b007f8-bf53-4747-a551-2420135cf73a][2026-04-09 15:29:50][TokenEndpoint.GetResponse]: Received code: 
[Debug][31b007f8-bf53-4747-a551-2420135cf73a][2026-04-09 15:29:50][TokenEndpoint.GetResponse]: Received client_id: 04b07795-8ddb-461a-bbee-02f9e1bf7b46
[Debug][31b007f8-bf53-4747-a551-2420135cf73a][2026-04-09 15:29:50][TokenEndpoint.GetResponse]: Received username: 
[Debug][31b007f8-bf53-4747-a551-2420135cf73a][2026-04-09 15:29:50][TokenEndpoint.GetResponse]: Received grant type: refresh_token
[Debug][31b007f8-bf53-4747-a551-2420135cf73a][2026-04-09 15:29:50][TokenEndpoint.GetResponse]: Extracting object ID from refresh token...
[Debug][31b007f8-bf53-4747-a551-2420135cf73a][2026-04-09 15:29:51][Router.MatchAndExecuteEndpoint]: Setting content type for response as `application/json`.
[Debug][72235ecb-d469-431c-8805-68c35812bdf3][2026-04-09 15:29:51][Router.MatchAndExecuteEndpoint]: The selected handler for an endpoint will be TenantsEndpoint
[Debug][72235ecb-d469-431c-8805-68c35812bdf3][2026-04-09 15:29:51][Router.MatchAndExecuteEndpoint]: [GET] /tenants?api-version=2022-12-01
[Debug][72235ecb-d469-431c-8805-68c35812bdf3][2026-04-09 15:29:51][AzureAuthorizationAdapter.IsAuthorized]: No permissions defined for the endpoint. It's treated as a public endpoint.
[Debug][72235ecb-d469-431c-8805-68c35812bdf3][2026-04-09 15:29:51][Router.MatchAndExecuteEndpoint]: Setting content type for response as `application/json`.
[Debug][34be213d-94af-4c96-b118-17c9d0093ff6][2026-04-09 15:29:51][Router.MatchAndExecuteEndpoint]: The selected handler for an endpoint will be OidcEndpoint
[Debug][34be213d-94af-4c96-b118-17c9d0093ff6][2026-04-09 15:29:51][Router.MatchAndExecuteEndpoint]: [GET] /50717675-3E5E-4A1E-8CB5-C62D8BE8CA48/v2.0/.well-known/openid-configuration
[Debug][34be213d-94af-4c96-b118-17c9d0093ff6][2026-04-09 15:29:51][AzureAuthorizationAdapter.IsAuthorized]: No permissions defined for the endpoint. It's treated as a public endpoint.
[Information][34be213d-94af-4c96-b118-17c9d0093ff6][2026-04-09 15:29:51][GET][topaz.local.dev:8899:/50717675-3E5E-4A1E-8CB5-C62D8BE8CA48/v2.0/.well-known/openid-configuration][OK] {"issuer":"https://topaz.local.dev:8899/organizations/v2.0","authorization_endpoint":"https://topaz.local.dev:8899/organizations/oauth2/v2.0/authorize","token_endpoint":"https://topaz.local.dev:8899/organizations/oauth2/v2.0/token","jwks_uri":"https://topaz.local.dev:8899/common/discovery/v2.0/keys","userinfo_endpoint":"https://topaz.local.dev:8899/oidc/userinfo","end_session_endpoint":"https://topaz.local.dev:8899/common/oauth2/v2.0/logout","device_authorization_endpoint":"https://topaz.local.dev:8899/organizations/oauth2/v2.0/devicecode","response_types_supported":["code","code id_token","id_token","token id_token","token"],"response_modes_supported":["query","fragment","form_post"],"grant_types_supported":["authorization_code","implicit","refresh_token","client_credentials","password"],"subject_types_supported":["pairwise"],"id_token_signing_alg_values_supported":["RS256"],"token_endpoint_auth_methods_supported":["client_secret_post","client_secret_basic","private_key_jwt"],"scopes_supported":["openid","profile","email","offline_access","User.Read"],"claims_supported":["aud","iss","iat","nbf","exp","aio","appid","appidacr","email","family_name","given_name","ipaddr","name","oid","scp","sub","tid","unique_name","upn","ver"]}
[Debug][34be213d-94af-4c96-b118-17c9d0093ff6][2026-04-09 15:29:51][Router.MatchAndExecuteEndpoint]: Setting content type for response as `text/plain`.
[Debug][e1528495-b660-475f-8340-892c42c3ba56][2026-04-09 15:29:51][Router.MatchAndExecuteEndpoint]: The selected handler for an endpoint will be TokenEndpoint
[Debug][e1528495-b660-475f-8340-892c42c3ba56][2026-04-09 15:29:51][Router.MatchAndExecuteEndpoint]: [POST] /organizations/oauth2/v2.0/token
[Debug][e1528495-b660-475f-8340-892c42c3ba56][2026-04-09 15:29:51][AzureAuthorizationAdapter.IsAuthorized]: No permissions defined for the endpoint. It's treated as a public endpoint.
[Debug][e1528495-b660-475f-8340-892c42c3ba56][2026-04-09 15:29:51][TokenEndpoint.GetResponse]: Received body: client_id=04b07795-8ddb-461a-bbee-02f9e1bf7b46&amp;grant_type=refresh_token&amp;client_info=1&amp;claims=%7B%22access_token%22%3A+%7B%22xms_cc%22%3A+%7B%22values%22%3A+%5B%22CP1%22%5D%7D%7D%7D&amp;refresh_token=eyJhbGciOiJIUzI1NiIsInR5cCI6IkpXVCJ9.eyJzdWIiOiIwMDAwMDAwMC0wMDAwLTAwMDAtMDAwMC0wMDAwMDAwMDAwMDAiLCJvaWQiOiIwMDAwMDAwMC0wMDAwLTAwMDAtMDAwMC0wMDAwMDAwMDAwMDAiLCJhcHBpZCI6IjAwMDAwMDAwLTAwMDAtMDAwMC0wMDAwLTAwMDAwMDAwMDAwMCIsImF6cCI6IjAwMDAwMDAwLTAwMDAtMDAwMC0wMDAwLTAwMDAwMDAwMDAwMCIsInRpZCI6IjUwNzE3Njc1LTNFNUUtNEExRS04Q0I1LUM2MkQ4QkU4Q0E0OCIsIm5iZiI6MTc3NTc0ODU5MSwiZXhwIjoxNzc1NzUyMTkxLCJpYXQiOjE3NzU3NDg1OTEsImlzcyI6Imh0dHBzOi8vdG9wYXoubG9jYWwuZGV2Ojg4OTkiLCJhdWQiOiJodHRwczovL3RvcGF6LmxvY2FsLmRldjo4ODk5In0.HSR8bOMeMDbjXEt6Efw8yela5SpBV0zp5Cw0GI-FPrc&amp;scope=https%3A%2F%2Ftopaz.local.dev%3A8899%2F.default+offline_access+openid+profile
[Debug][e1528495-b660-475f-8340-892c42c3ba56][2026-04-09 15:29:51][TokenEndpoint.GetResponse]: Received code: 
[Debug][e1528495-b660-475f-8340-892c42c3ba56][2026-04-09 15:29:51][TokenEndpoint.GetResponse]: Received client_id: 04b07795-8ddb-461a-bbee-02f9e1bf7b46
[Debug][e1528495-b660-475f-8340-892c42c3ba56][2026-04-09 15:29:51][TokenEndpoint.GetResponse]: Received username: 
[Debug][e1528495-b660-475f-8340-892c42c3ba56][2026-04-09 15:29:51][TokenEndpoint.GetResponse]: Received grant type: refresh_token
[Debug][e1528495-b660-475f-8340-892c42c3ba56][2026-04-09 15:29:51][TokenEndpoint.GetResponse]: Extracting object ID from refresh token...
[Debug][e1528495-b660-475f-8340-892c42c3ba56][2026-04-09 15:29:51][Router.MatchAndExecuteEndpoint]: Setting content type for response as `application/json`.
[Debug][eedae3bf-763e-4baa-85ec-fc74025f7811][2026-04-09 15:29:51][Router.MatchAndExecuteEndpoint]: The selected handler for an endpoint will be ListSubscriptionsEndpoint
[Debug][eedae3bf-763e-4baa-85ec-fc74025f7811][2026-04-09 15:29:51][Router.MatchAndExecuteEndpoint]: [GET] /subscriptions?api-version=2022-12-01
[Debug][eedae3bf-763e-4baa-85ec-fc74025f7811][2026-04-09 15:29:51][Router.MatchAndExecuteEndpoint]: Setting content type for response as `application/json`.
[Information][7340a314-44f5-4468-a258-803ba5f7187d][2026-04-09 15:31:41][GET][topaz.local.dev:8899/metadata/endpoints?api-version=2022-09-01][port:8899]
[Debug][7340a314-44f5-4468-a258-803ba5f7187d][2026-04-09 15:31:41][Router.MatchAndExecuteEndpoint]: The selected handler for an endpoint will be MetadataEndpoint
[Debug][7340a314-44f5-4468-a258-803ba5f7187d][2026-04-09 15:31:41][Router.MatchAndExecuteEndpoint]: [GET] /metadata/endpoints?api-version=2022-09-01
[Debug][7340a314-44f5-4468-a258-803ba5f7187d][2026-04-09 15:31:41][AzureAuthorizationAdapter.IsAuthorized]: No permissions defined for the endpoint. It's treated as a public endpoint.
[Information][7340a314-44f5-4468-a258-803ba5f7187d][2026-04-09 15:31:41][GET][topaz.local.dev:8899:/metadata/endpoints?api-version=2022-09-01][OK] {"resourceManager":"https://topaz.local.dev:8899","resourceManagerEndpoint":"https://topaz.local.dev:8899","activeDirectory":"https://topaz.local.dev:8899","activeDirectoryEndpoint":"https://topaz.local.dev:8899","activeDirectoryResourceId":"https://topaz.local.dev:8899","activeDirectoryGraphResourceId":"https://topaz.local.dev:8899","microsoftGraphResourceId":"https://topaz.local.dev:8899/","endpoints":{"resourceManager":"https://topaz.local.dev:8899","resourceManagerEndpoint":"https://topaz.local.dev:8899","activeDirectory":"https://topaz.local.dev:8899","activeDirectoryEndpoint":"https://topaz.local.dev:8899","activeDirectoryResourceId":"https://topaz.local.dev:8899","activeDirectoryGraphResourceId":"https://topaz.local.dev:8899","microsoftGraphResourceId":"https://topaz.local.dev:8899/"},"suffixes":{"keyvaultDns":".vault.topaz.local.dev"},"name":"public","authentication":{"loginEndpoint":"https://topaz.local.dev:8899/","audiences":["https://management.core.windows.net/","https://management.azure.com/"]}}
[Debug][7340a314-44f5-4468-a258-803ba5f7187d][2026-04-09 15:31:41][Router.MatchAndExecuteEndpoint]: Setting content type for response as `application/json`.</Text>
      </RunInfo>
      <RunInfo computerName="Air-Kamil" outcome="Warning" timestamp="2026-04-09T17:31:41.5772860+02:00">
        <Text>[testcontainers.org 00:00:16.48] Execute "/bin/sh -c SSL_CERT_FILE=/tmp/combined.pem mkdir -p /workspace/53817decc9454c339b822b74f79de49b" at Docker container aee3400cacb7
[terraform] mkdir -p /workspace/53817decc9454c339b822b74f79de49b
[testcontainers.org 00:00:16.59] Execute "/bin/sh -c SSL_CERT_FILE=/tmp/combined.pem echo 'dGVycmFmb3JtIHsKICByZXF1aXJlZF9wcm92aWRlcnMgewogICAgYXp1cmVybSA9IHsKICAgICAgc291cmNlICA9ICJoYXNoaWNvcnAvYXp1cmVybSIKICAgICAgdmVyc2lvbiA9ICI9IDQuNjcuMCIKICAgIH0KICB9Cn0KCnByb3ZpZGVyICJhenVyZXJtIiB7CiAgZmVhdHVyZXMge30KICBlbnZpcm9ubWVudCA9ICJwdWJsaWMiCiAgbWV0YWRhdGFfaG9zdCA9ICJ0b3Bhei5sb2NhbC5kZXY6ODg5OSIKICByZXNvdXJjZV9wcm92aWRlcl9yZWdpc3RyYXRpb25zID0gIm5vbmUiCiAgdXNlX21zaSAgPSBmYWxzZQogIHVzZV9vaWRjID0gZmFsc2UKICB1c2VfY2xpICA9IGZhbHNlCn0K' | base64 -d &gt; /workspace/53817decc9454c339b822b74f79de49b/provider.tf" at Docker container aee3400cacb7
[terraform] echo 'dGVycmFmb3JtIHsKICByZXF1aXJlZF9wcm92aWRlcnMgewogICAgYXp1cmVybSA9IHsKICAgICAgc291cmNlICA9ICJoYXNoaWNvcnAvYXp1cmVybSIKICAgICAgdmVyc2lvbiA9ICI9IDQuNjcuMCIKICAgIH0KICB9Cn0KCnByb3ZpZGVyICJhenVyZXJtIiB7CiAgZmVhdHVyZXMge30KICBlbnZpcm9ubWVudCA9ICJwdWJsaWMiCiAgbWV0YWRhdGFfaG9zdCA9ICJ0b3Bhei5sb2NhbC5kZXY6ODg5OSIKICByZXNvdXJjZV9wcm92aWRlcl9yZWdpc3RyYXRpb25zID0gIm5vbmUiCiAgdXNlX21zaSAgPSBmYWxzZQogIHVzZV9vaWRjID0gZmFsc2UKICB1c2VfY2xpICA9IGZhbHNlCn0K' | base64 -d &gt; /workspace/53817decc9454c339b822b74f79de49b/provider.tf
[testcontainers.org 00:00:16.72] Execute "/bin/sh -c SSL_CERT_FILE=/tmp/combined.pem echo 'cmVzb3VyY2UgImF6dXJlcm1fcmVzb3VyY2VfZ3JvdXAiICJ0ZXN0IiB7CiAgbmFtZSAgICAgPSAidGYtcm0tZWh1Yi1yZyIKICBsb2NhdGlvbiA9ICJ3ZXN0ZXVyb3BlIgp9CgpyZXNvdXJjZSAiYXp1cmVybV9ldmVudGh1Yl9uYW1lc3BhY2UiICJ0ZXN0IiB7CiAgbmFtZSAgICAgICAgICAgICAgICA9ICJ0Zi1ybS1laHViLW5zIgogIGxvY2F0aW9uICAgICAgICAgICAgPSBhenVyZXJtX3Jlc291cmNlX2dyb3VwLnRlc3QubG9jYXRpb24KICByZXNvdXJjZV9ncm91cF9uYW1lID0gYXp1cmVybV9yZXNvdXJjZV9ncm91cC50ZXN0Lm5hbWUKICBza3UgICAgICAgICAgICAgICAgID0gIlN0YW5kYXJkIgp9CgpyZXNvdXJjZSAiYXp1cmVybV9ldmVudGh1YiIgInRlc3QiIHsKICBuYW1lICAgICAgICAgICAgICAgID0gInRmLXJtLWV2ZW50aHViIgogIG5hbWVzcGFjZV9uYW1lICAgICAgPSBhenVyZXJtX2V2ZW50aHViX25hbWVzcGFjZS50ZXN0Lm5hbWUKICByZXNvdXJjZV9ncm91cF9uYW1lID0gYXp1cmVybV9yZXNvdXJjZV9ncm91cC50ZXN0Lm5hbWUKICBwYXJ0aXRpb25fY291bnQgICAgID0gMgogIG1lc3NhZ2VfcmV0ZW50aW9uICAgPSAxCn0KCm91dHB1dCAiZXZlbnRodWJfbmFtZSIgewogIHZhbHVlID0gYXp1cmVybV9ldmVudGh1Yi50ZXN0Lm5hbWUKfQoKb3V0cHV0ICJwYXJ0aXRpb25fY291bnQiIHsKICB2YWx1ZSA9IGF6dXJlcm1fZXZlbnRodWIudGVzdC5wYXJ0aXRpb25fY291bnQKfQo=' | base64 -d &gt; /workspace/53817decc9454c339b822b74f79de49b/main.tf" at Docker container aee3400cacb7
[terraform] echo 'cmVzb3VyY2UgImF6dXJlcm1fcmVzb3VyY2VfZ3JvdXAiICJ0ZXN0IiB7CiAgbmFtZSAgICAgPSAidGYtcm0tZWh1Yi1yZyIKICBsb2NhdGlvbiA9ICJ3ZXN0ZXVyb3BlIgp9CgpyZXNvdXJjZSAiYXp1cmVybV9ldmVudGh1Yl9uYW1lc3BhY2UiICJ0ZXN0IiB7CiAgbmFtZSAgICAgICAgICAgICAgICA9ICJ0Zi1ybS1laHViLW5zIgogIGxvY2F0aW9uICAgICAgICAgICAgPSBhenVyZXJtX3Jlc291cmNlX2dyb3VwLnRlc3QubG9jYXRpb24KICByZXNvdXJjZV9ncm91cF9uYW1lID0gYXp1cmVybV9yZXNvdXJjZV9ncm91cC50ZXN0Lm5hbWUKICBza3UgICAgICAgICAgICAgICAgID0gIlN0YW5kYXJkIgp9CgpyZXNvdXJjZSAiYXp1cmVybV9ldmVudGh1YiIgInRlc3QiIHsKICBuYW1lICAgICAgICAgICAgICAgID0gInRmLXJtLWV2ZW50aHViIgogIG5hbWVzcGFjZV9uYW1lICAgICAgPSBhenVyZXJtX2V2ZW50aHViX25hbWVzcGFjZS50ZXN0Lm5hbWUKICByZXNvdXJjZV9ncm91cF9uYW1lID0gYXp1cmVybV9yZXNvdXJjZV9ncm91cC50ZXN0Lm5hbWUKICBwYXJ0aXRpb25fY291bnQgICAgID0gMgogIG1lc3NhZ2VfcmV0ZW50aW9uICAgPSAxCn0KCm91dHB1dCAiZXZlbnRodWJfbmFtZSIgewogIHZhbHVlID0gYXp1cmVybV9ldmVudGh1Yi50ZXN0Lm5hbWUKfQoKb3V0cHV0ICJwYXJ0aXRpb25fY291bnQiIHsKICB2YWx1ZSA9IGF6dXJlcm1fZXZlbnRodWIudGVzdC5wYXJ0aXRpb25fY291bnQKfQo=' | base64 -d &gt; /workspace/53817decc9454c339b822b74f79de49b/main.tf
[testcontainers.org 00:00:16.88] Execute "/bin/sh -c SSL_CERT_FILE=/tmp/combined.pem terraform -chdir=/workspace/53817decc9454c339b822b74f79de49b init" at Docker container aee3400cacb7
[terraform] terraform -chdir=/workspace/53817decc9454c339b822b74f79de49b init
Initializing the backend...
Initializing provider plugins...
- Finding hashicorp/azurerm versions matching "4.67.0"...
- Installing hashicorp/azurerm v4.67.0...
- Installed hashicorp/azurerm v4.67.0 (signed by HashiCorp)
Terraform has created a lock file .terraform.lock.hcl to record the provider
selections it made above. Include this file in your version control repository
so that Terraform can guarantee to make the same selections by default when
you run "terraform init" in the future.

Terraform has been successfully initialized!

You may now begin working with Terraform. Try running "terraform plan" to see
any changes that are required for your infrastructure. All Terraform commands
should now work.

If you ever set or change modules or backend configuration for Terraform,
rerun this command to reinitialize your working directory. If you forget, other
commands will detect it and remind you to do so if necessary.

[testcontainers.org 00:00:32.08] Execute "/bin/sh -c SSL_CERT_FILE=/tmp/combined.pem terraform -chdir=/workspace/53817decc9454c339b822b74f79de49b apply -auto-approve" at Docker container aee3400cacb7
[terraform] terraform -chdir=/workspace/53817decc9454c339b822b74f79de49b apply -auto-approve
</Text>
      </RunInfo>
    </RunInfos>
  </ResultSummary>
</TestRun>